Diagnose log at 2026-05-18T09:42:51Z

AppPath: C:\Program Files\Git\mingw64\bin\git-credential-manager.exe
InstallDir: C:\Program Files\Git\mingw64\bin\
Version: 2.7.3+5fa7116896c82164996a609accd1c5ad90fe730a

------------
Diagnostic: Environment
Skipped: False
Success: True
Exception: None
Log:
OSType: Windows
OSVersion: 10.0 (build 26200)
Reading environment variables... OK
 Variables:
SystemDrive=C:
ProgramFiles(x86)=C:\Program Files (x86)
MSYSTEM=MINGW64
ProgramW6432=C:\Program Files
PROCESSOR_IDENTIFIER=Intel64 Family 6 Model 198 Stepping 2, GenuineIntel
TMP=C:\Users\UTILIS~1\AppData\Local\Temp
PROCESSOR_ARCHITECTURE=AMD64
DriverData=C:\Windows\System32\Drivers\DriverData
Path=C:/Program Files/Git/mingw64/libexec/git-core;C:\Program Files\Git\mingw64\bin;C:\Program Files\Git\usr\bin;C:\Users\Utilisateur\bin;C:\Program Files\Eclipse Adoptium\jre-21.0.10.7-hotspot\bin;C:\Program Files\Eclipse Adoptium\jre-8.0.482.8-hotspot\bin;C:\Program Files\Eclipse Adoptium\jre-17.0.18.8-hotspot\bin;C:\Program Files\Eclipse Adoptium\jre-11.0.30.7-hotspot\bin;C:\Windows\system32;C:\Windows;C:\Windows\System32\Wbem;C:\Windows\System32\WindowsPowerShell\v1.0\;C:\Windows\System32\OpenSSH\;C:\Program Files\NVIDIA Corporation\NVIDIA App\NvDLISR;C:\Program Files (x86)\NVIDIA Corporation\PhysX\Common;C:\Program Files\Git\cmd;C:\Program Files\nodejs\;C:\Program Files\TortoiseGit\bin;C:\Users\Utilisateur\AppData\Local\Microsoft\WindowsApps;C:\Users\Utilisateur\.local\bin\;C:\Users\Utilisateur\AppData\Roaming\npm;C:\Users\Utilisateur\AppData\Local\Programs\VSCodium\bin
WSLENV=WT_SESSION:WT_PROFILE_ID:
PROCESSOR_REVISION=c602
TEMP=C:\Users\UTILIS~1\AppData\Local\Temp
USERPROFILE=C:\Users\Utilisateur
LOGONSERVER=\\DESKTOP-EC6P05I
TERM=xterm-256color
USERNAME=Utilisateur
SystemRoot=C:\Windows
GIT_EXEC_PATH=C:/Program Files/Git/mingw64/libexec/git-core
PLINK_PROTOCOL=ssh
OneDrive=C:\Users\Utilisateur\OneDrive - ALERTIS FORMATION INC
CommonProgramFiles=C:\Program Files\Common Files
ProgramData=C:\ProgramData
LC_CTYPE=C.UTF-8
HOMEPATH=\Users\Utilisateur
WT_SESSION=50ba7531-279f-4833-9024-f872d61d91c7
COMPUTERNAME=DESKTOP-EC6P05I
ALLUSERSPROFILE=C:\ProgramData
CommonProgramW6432=C:\Program Files\Common Files
OneDriveCommercial=C:\Users\Utilisateur\OneDrive - ALERTIS FORMATION INC
WT_PROFILE_ID={61c54bbd-c2c6-5271-96e7-009a87ff44bf}
SESSIONNAME=Console
CommonProgramFiles(x86)=C:\Program Files (x86)\Common Files
HOMEDRIVE=C:
windir=C:\Windows
GIT_TRACE2_PARENT_SID=5cd28fd2-6235-4984-b065-b5175ba96b21
NUMBER_OF_PROCESSORS=10
OS=Windows_NT
ProgramFiles=C:\Program Files
ComSpec=C:\Windows\system32\cmd.exe
PATHEXT=.COM;.EXE;.BAT;.CMD;.VBS;.VBE;.JS;.JSE;.WSF;.WSH;.MSC;.CPL
HOME=C:\Users\Utilisateur
JAVA_HOME=C:\Program Files\Eclipse Adoptium\jre-8.0.482.8-hotspot\
PSModulePath=C:\Users\Utilisateur\OneDrive - ALERTIS FORMATION INC\Documents\WindowsPowerShell\Modules;C:\Program Files\WindowsPowerShell\Modules;C:\Windows\system32\WindowsPowerShell\v1.0\Modules
TMPDIR=C:\Users\UTILIS~1\AppData\Local\Temp
APPDATA=C:\Users\Utilisateur\AppData\Roaming
USERDOMAIN=DESKTOP-EC6P05I
PROCESSOR_LEVEL=6
LOCALAPPDATA=C:\Users\Utilisateur\AppData\Local
USERDOMAIN_ROAMINGPROFILE=DESKTOP-EC6P05I
COLORTERM=truecolor
PUBLIC=C:\Users\Public


------------
Diagnostic: File system
Skipped: False
Success: True
Exception: None
Log:
Temporary directory is 'C:\Users\Utilisateur\AppData\Local\Temp\'...
Checking basic file I/O...
Writing to temporary file 'C:\Users\Utilisateur\AppData\Local\Temp\2a3a4a23b03fbd7c63faf9f9'... OK
Reading from temporary file 'C:\Users\Utilisateur\AppData\Local\Temp\2a3a4a23b03fbd7c63faf9f9'... OK
Deleting temporary file 'C:\Users\Utilisateur\AppData\Local\Temp\2a3a4a23b03fbd7c63faf9f9'... OK
Testing IFileSystem instance...
UserHomePath: C:\Users\Utilisateur
UserDataDirectoryPath: C:\Users\Utilisateur\.gcm
GetCurrentDirectory(): C:\Users\Utilisateur\Downloads\alertis

------------
Diagnostic: Networking
Skipped: False
Success: True
Exception: None
Log:
Checking networking and HTTP stack...
Creating HTTP client... OK
IsNetworkAvailable: True
Sending HEAD request to http://example.com...Sending HEAD request to https://example.com... OK
 OK
Acquiring free TCP port... OK
Testing local HTTP loopback connections...
Creating new HTTP listener for http://localhost:55119/... OK
Waiting for loopback connection... OK
Writing response... OK
Waiting for response data... OK
Loopback connection data OK

------------
Diagnostic: Git
Skipped: False
Success: True
Exception: None
Log:
Getting Git version... OK
Git version is '2.54.0.windows.1'
Locating current repository...Git repository at 'C:/Users/Utilisateur/Downloads/alertis/.git'
 OK
Listing all Git configuration... OK
Git configuration:
file:C:/Program Files/Git/etc/gitconfig	diff.astextplain.textconv=astextplain
file:C:/Program Files/Git/etc/gitconfig	filter.lfs.clean=git-lfs clean -- %f
file:C:/Program Files/Git/etc/gitconfig	filter.lfs.smudge=git-lfs smudge -- %f
file:C:/Program Files/Git/etc/gitconfig	filter.lfs.process=git-lfs filter-process
file:C:/Program Files/Git/etc/gitconfig	filter.lfs.required=true
file:C:/Program Files/Git/etc/gitconfig	http.sslbackend=schannel
file:C:/Program Files/Git/etc/gitconfig	core.autocrlf=true
file:C:/Program Files/Git/etc/gitconfig	core.fscache=true
file:C:/Program Files/Git/etc/gitconfig	core.symlinks=false
file:C:/Program Files/Git/etc/gitconfig	pull.rebase=false
file:C:/Program Files/Git/etc/gitconfig	credential.helper=manager
file:C:/Program Files/Git/etc/gitconfig	credential.https://dev.azure.com.usehttppath=true
file:C:/Program Files/Git/etc/gitconfig	init.defaultbranch=master
file:C:/Users/Utilisateur/.gitconfig	user.name=Journoud-Lucas
file:C:/Users/Utilisateur/.gitconfig	user.email=journoud.lucas@gmail.com
file:.git/config	core.repositoryformatversion=0
file:.git/config	core.filemode=false
file:.git/config	core.bare=false
file:.git/config	core.logallrefupdates=true
file:.git/config	core.symlinks=false
file:.git/config	core.ignorecase=true
file:.git/config	remote.origin.url=https://github.com/alertis-formation/Alertis-formation.git
file:.git/config	remote.origin.fetch=+refs/heads/*:refs/remotes/origin/*


------------
Diagnostic: Credential storage
Skipped: False
Success: True
Exception: None
Log:
ICredentialStore instance is of type: CredentialStore
Writing test credential... OK
Reading test credential... OK
Deleting test credential... OK

------------
Diagnostic: Microsoft authentication (AAD/MSA)
Skipped: False
Success: True
Exception: None
Log:
Broker is not enabled.
Flow type is: Auto
Gathering MSAL token cache data... OK
CacheDirectory: C:\Users\Utilisateur\AppData\Local\.IdentityService
CacheFileName: msal.cache
CacheFilePath: C:\Users\Utilisateur\AppData\Local\.IdentityService\msal.cache
Creating cache helper... OK
Verifying MSAL token cache persistence... OK

------------
Diagnostic: GitHub API
Skipped: False
Success: True
Exception: None
Log:
Using 'https://github.com/' as API target.
Querying '/meta' endpoint... OK

